<?xml version="1.0" encoding="UTF-8" standalone="no"?>
<testsuite errors="0" failures="0" name="io.cucumber.core.plugin.JUnitFormatter" skipped="0" tests="1" time="18.781">
<testcase classname="To login Application" name="To test with valid credentials" time="18.629">
<system-out><![CDATA[Given Login page............................................................passed
When Enter valid name "Admin"...............................................passed
And Enter valid password "admin123".........................................passed
And Click on Submit button..................................................passed
Then I shoud see the username as "Welcome Paul".............................passed
]]></system-out>
</testcase>
</testsuite>
